TN:
SF:source/index.js
FNF:0
FNH:0
DA:1,1
LF:1
LH:1
BRDA:1,0,0,2
BRF:1
BRH:1
end_of_record
TN:
SF:source/library/configuration.js
FN:14,Configuration
FN:18,get root
FN:22,load
FN:26,merge
FN:30,_load
FN:65,has
FN:69,get
FN:73,set
FN:77,merge
FN:82,getOption
FN:86,getParameter
FN:91,_mergeParameter
FN:98,_parameterArrayToObject
FN:107,_parameterObjectToArray
FN:130,redact
FN:141,omit
FNF:16
FNH:15
FNDA:13,Configuration
FNDA:0,get root
FNDA:12,load
FNDA:4,merge
FNDA:16,_load
FNDA:6,has
FNDA:18,get
FNDA:1,set
FNDA:5,merge
FNDA:1,getOption
FNDA:3,getParameter
FNDA:3,_mergeParameter
FNDA:1,_parameterArrayToObject
FNDA:3,_parameterObjectToArray
FNDA:2,redact
FNDA:1,omit
DA:1,1
DA:2,1
DA:3,1
DA:4,1
DA:5,1
DA:6,1
DA:7,1
DA:8,1
DA:9,1
DA:10,1
DA:11,1
DA:12,1
DA:13,1
DA:14,1
DA:15,13
DA:16,13
DA:17,1
DA:18,1
DA:19,0
DA:20,0
DA:21,1
DA:22,1
DA:23,12
DA:24,12
DA:25,1
DA:26,1
DA:27,4
DA:28,4
DA:29,1
DA:30,1
DA:31,16
DA:32,16
DA:33,2
DA:34,2
DA:35,2
DA:36,2
DA:37,2
DA:38,2
DA:39,2
DA:40,2
DA:41,2
DA:42,2
DA:43,2
DA:44,2
DA:45,2
DA:46,2
DA:47,2
DA:48,2
DA:49,2
DA:50,2
DA:51,2
DA:52,2
DA:53,2
DA:54,2
DA:55,2
DA:56,2
DA:57,2
DA:58,2
DA:59,2
DA:60,2
DA:61,2
DA:62,0
DA:63,0
DA:64,1
DA:65,1
DA:66,6
DA:67,6
DA:68,1
DA:69,1
DA:70,18
DA:71,18
DA:72,1
DA:73,1
DA:74,1
DA:75,1
DA:76,1
DA:77,1
DA:78,5
DA:79,5
DA:80,5
DA:81,1
DA:82,1
DA:83,1
DA:84,1
DA:85,1
DA:86,1
DA:87,3
DA:88,3
DA:89,3
DA:90,1
DA:91,1
DA:92,3
DA:93,3
DA:94,3
DA:95,3
DA:96,3
DA:97,1
DA:98,1
DA:99,1
DA:100,1
DA:101,1
DA:102,2
DA:103,2
DA:104,1
DA:105,1
DA:106,1
DA:107,1
DA:108,3
DA:109,3
DA:110,3
DA:111,3
DA:112,3
DA:113,3
DA:114,3
DA:115,3
DA:116,3
DA:117,3
DA:118,3
DA:119,3
DA:120,3
DA:121,3
DA:122,3
DA:123,3
DA:124,3
DA:125,3
DA:126,3
DA:127,3
DA:128,3
DA:129,1
DA:130,1
DA:131,2
DA:132,2
DA:133,2
DA:134,2
DA:135,2
DA:136,2
DA:137,2
DA:138,2
DA:139,2
DA:140,1
DA:141,1
DA:142,1
DA:143,1
DA:144,1
DA:145,1
DA:146,1
DA:147,1
DA:148,1
DA:149,1
DA:150,1
DA:151,1
DA:152,1
DA:153,1
DA:154,1
LF:154
LH:150
BRDA:154,0,0,2
BRDA:14,1,0,13
BRDA:22,2,0,12
BRDA:26,3,0,4
BRDA:30,4,0,16
BRDA:32,5,0,14
BRDA:36,6,0,8
BRDA:36,7,0,6
BRDA:43,8,0,0
BRDA:45,9,0,3
BRDA:49,10,0,2
BRDA:49,11,0,1
BRDA:32,12,0,2
BRDA:61,13,0,0
BRDA:65,14,0,6
BRDA:69,15,0,18
BRDA:73,16,0,1
BRDA:77,17,0,5
BRDA:79,18,0,11
BRDA:82,19,0,1
BRDA:86,20,0,3
BRDA:91,21,0,3
BRDA:95,22,0,5
BRDA:95,23,0,1
BRDA:95,24,0,4
BRDA:98,25,0,1
BRDA:101,26,0,2
BRDA:107,27,0,3
BRDA:113,28,0,6
BRDA:113,29,0,1
BRDA:113,30,0,5
BRDA:114,31,0,6
BRDA:114,32,0,1
BRDA:114,33,0,5
BRDA:130,34,0,2
BRDA:141,35,0,1
BRF:36
BRH:34
end_of_record
